<?xml version="1.0" encoding="UTF-8"?>
<!-- Generated by org.testng.reporters.JUnitXMLReporter -->
<testsuite ignored="0" hostname="DESKTOP-33QHF84" failures="1" tests="1" name="Validate Title Test" time="0.009" errors="0" timestamp="19 Nov 2024 13:59:22 GMT">
  <testcase classname="testcases.TestCase2" name="validateTitles" time="0.004">
    <failure type="java.lang.AssertionError" message="The following asserts failed:
	print is not what? expected [false] but found [true],
	title incorrect expected [Gmail.com] but found [Yahoo.com],
	image not found expected [false] but found [true]">
      <![CDATA[java.lang.AssertionError: The following asserts failed:
print is not what? expected [false] but found [true],
title incorrect expected [Gmail.com] but found [Yahoo.com],
image not found expected [false] but found [true]
at testcases.TestCase2.validateTitles(TestCase2.java:26)
... Removed 24 stack frames]]>
    </failure>
  </testcase> <!-- validateTitles -->
</testsuite> <!-- Validate Title Test -->
