<?xml version="1.0" encoding="UTF-8"?>
<!-- Generated by org.testng.reporters.JUnitXMLReporter -->
<testsuite ignored="0" hostname="DESKTOP-33QHF84" failures="1" tests="1" name="Regression Validate Dependency Test" time="0.009" errors="0" timestamp="23 Nov 2024 16:18:19 GMT">
  <testcase classname="regression.TestCase2" name="validateTitles" time="0.006">
    <failure type="java.lang.AssertionError" message="The following asserts failed:
	print is not what? expected [false] but found [true],
	title incorrect expected [Gmail.com] but found [Yahoo.com],
	image not found expected [false] but found [true]">
      <![CDATA[java.lang.AssertionError: The following asserts failed:
print is not what? expected [false] but found [true],
title incorrect expected [Gmail.com] but found [Yahoo.com],
image not found expected [false] but found [true]
at regression.TestCase2.validateTitles(TestCase2.java:24)
... Removed 24 stack frames]]>
    </failure>
  </testcase> <!-- validateTitles -->
</testsuite> <!-- Regression Validate Dependency Test -->
